Flutter crash report.
Please report a bug at https://github.com/flutter/flutter/issues.

## command

flutter run --machine --start-paused -d windows --devtools-server-address http://127.0.0.1:9100/ --target D:\flutter\course one content\flutterproject\first_project\lib\main.dart

## exception

PathAccessException: PathAccessException: Cannot open file, path = 'D:\flutter\course one content\flutterproject\first_project\windows\flutter\generated_plugin_registrant.cc' (OS Error: The process cannot access the file because it is being used by another process.
, errno = 32)

```
#0      _checkForErrorResponse (dart:io/common.dart:55:9)
#1      _File.open.<anonymous closure> (dart:io/file_impl.dart:381:7)
#2      _rootRunUnary (dart:async/zone.dart:1407:47)
#3      _CustomZone.runUnary (dart:async/zone.dart:1308:19)
<asynchronous suspension>
#4      _File.writeAsBytes.<anonymous closure> (dart:io/file_impl.dart:634:34)
<asynchronous suspension>
#5      ForwardingFile.writeAsString (package:file/src/forwarding/forwarding_file.dart:136:12)
<asynchronous suspension>
#6      ErrorHandlingFile.writeAsString.<anonymous closure> (package:flutter_tools/src/base/error_handling_io.dart:246:24)
<asynchronous suspension>
#7      _run (package:flutter_tools/src/base/error_handling_io.dart:556:12)
<asynchronous suspension>
#8      _renderTemplateToFile (package:flutter_tools/src/flutter_plugins.dart:38:3)
<asynchronous suspension>
#9      _writeCppPluginRegistrant (package:flutter_tools/src/flutter_plugins.dart:967:3)
<asynchronous suspension>
#10     writeWindowsPluginFiles (package:flutter_tools/src/flutter_plugins.dart:956:3)
<asynchronous suspension>
#11     injectPlugins (package:flutter_tools/src/flutter_plugins.dart:1198:5)
<asynchronous suspension>
#12     FlutterProject.ensureReadyForPlatformSpecificTooling (package:flutter_tools/src/project.dart:388:5)
<asynchronous suspension>
#13     FlutterCommand.verifyThenRunCommand (package:flutter_tools/src/runner/flutter_command.dart:1743:7)
<asynchronous suspension>
#14     FlutterCommand.run.<anonymous closure> (package:flutter_tools/src/runner/flutter_command.dart:1389:27)
<asynchronous suspension>
#15     AppContext.run.<anonymous closure> (package:flutter_tools/src/base/context.dart:153:19)
<asynchronous suspension>
#16     CommandRunner.runCommand (package:args/command_runner.dart:212:13)
<asynchronous suspension>
#17     FlutterCommandRunner.runCommand.<anonymous closure> (package:flutter_tools/src/runner/flutter_command_runner.dart:355:9)
<asynchronous suspension>
#18     AppContext.run.<anonymous closure> (package:flutter_tools/src/base/context.dart:153:19)
<asynchronous suspension>
#19     FlutterCommandRunner.runCommand (package:flutter_tools/src/runner/flutter_command_runner.dart:295:5)
<asynchronous suspension>
#20     run.<anonymous closure>.<anonymous closure> (package:flutter_tools/runner.dart:119:9)
<asynchronous suspension>
#21     AppContext.run.<anonymous closure> (package:flutter_tools/src/base/context.dart:153:19)
<asynchronous suspension>
#22     main (package:flutter_tools/executable.dart:90:3)
<asynchronous suspension>
```

## flutter doctor

```
[!] Flutter (Channel stable, 3.19.3, on Microsoft Windows [Version 10.0.19045.4412], locale en-US)
    • Flutter version 3.19.3 on channel stable at C:\src\flutter
    ! Warning: `dart` on your path resolves to D:\flutter\course one content\dart sdk\dart-sdk\bin\dart.exe, which is not inside your current Flutter SDK checkout at C:\src\flutter. Consider adding C:\src\flutter\bin to the front of your path.
    • Upstream repository https://github.com/flutter/flutter.git
    • Framework revision ba39319843 (3 months ago), 2024-03-07 15:22:21 -0600
    • Engine revision 2e4ba9c6fb
    • Dart version 3.3.1
    • DevTools version 2.31.1
    • If those were intentional, you can disregard the above warnings; however it is recommended to use "git" directly to perform update checks and upgrades.

[✓] Windows Version (Installed version of Windows is version 10 or higher)

[✓] Android toolchain - develop for Android devices (Android SDK version 34.0.0)
    • Android SDK at C:\Users\ELMADENA\AppData\Local\Android\sdk
    • Platform android-34, build-tools 34.0.0
    • Java binary at: C:\Program Files\Android\Android Studio\jbr\bin\java
    • Java version OpenJDK Runtime Environment (build 17.0.9+0--11185874)
    • All Android licenses accepted.

[✓] Chrome - develop for the web
    • Chrome at C:\Program Files\Google\Chrome\Application\chrome.exe

[✓] Visual Studio - develop Windows apps (Visual Studio Community 2022 17.8.3)
    • Visual Studio at C:\Program Files\Microsoft Visual Studio\2022\Community
    • Visual Studio Community 2022 version 17.8.34330.188
    • Windows 10 SDK version 10.0.22621.0

[✓] Android Studio (version 2023.2)
    • Android Studio at C:\Program Files\Android\Android Studio
    • Flutter plugin can be installed from:
      🔨 https://plugins.jetbrains.com/plugin/9212-flutter
    • Dart plugin can be installed from:
      🔨 https://plugins.jetbrains.com/plugin/6351-dart
    • Java version OpenJDK Runtime Environment (build 17.0.9+0--11185874)

[✓] VS Code (version 1.89.1)
    • VS Code at C:\Users\ELMADENA\AppData\Local\Programs\Microsoft VS Code
    • Flutter extension version 3.88.0

[✓] Connected device (3 available)
    • Windows (desktop) • windows • windows-x64    • Microsoft Windows [Version 10.0.19045.4412]
    • Chrome (web)      • chrome  • web-javascript • Google Chrome 124.0.6367.208
    • Edge (web)        • edge    • web-javascript • Microsoft Edge 125.0.2535.51
    ! Device emulator-5554 is offline.

[✓] Network resources
    • All expected network resources are available.

! Doctor found issues in 1 category.
```
